<?xml version="1.0" encoding="UTF-8"?>
<testng-results ignored="0" total="2" passed="2" failed="0" skipped="0">
  <reporter-output>
  </reporter-output>
  <suite started-at="2025-03-09T14:12:47 IST" name="Command line suite" finished-at="2025-03-09T14:13:18 IST" duration-ms="30649">
    <groups>
    </groups>
    <test started-at="2025-03-09T14:12:47 IST" name="Command line test" finished-at="2025-03-09T14:13:18 IST" duration-ms="30649">
      <class name="com.web.tests.LoginTest">
        <test-method is-config="true" signature="setUp()[pri:0, instance:com.web.tests.LoginTest@57d5872c]" started-at="2025-03-09T14:12:47 IST" name="setUp" finished-at="2025-03-09T14:12:56 IST" duration-ms="8236" status="PASS">
          <reporter-output>
          </reporter-output>
        </test-method> <!-- setUp -->
        <test-method signature="testLoginAndFetchProduct()[pri:0, instance:com.web.tests.LoginTest@57d5872c]" started-at="2025-03-09T14:12:56 IST" name="testLoginAndFetchProduct" finished-at="2025-03-09T14:12:58 IST" duration-ms="1909" status="PASS">
          <reporter-output>
          </reporter-output>
        </test-method> <!-- testLoginAndFetchProduct -->
        <test-method is-config="true" signature="tearDown()[pri:0, instance:com.web.tests.LoginTest@57d5872c]" started-at="2025-03-09T14:12:58 IST" name="tearDown" finished-at="2025-03-09T14:12:59 IST" duration-ms="1143" status="PASS">
          <reporter-output>
          </reporter-output>
        </test-method> <!-- tearDown -->
      </class> <!-- com.web.tests.LoginTest -->
      <class name="com.web.tests.ProductTest">
        <test-method is-config="true" signature="setUp()[pri:0, instance:com.web.tests.ProductTest@64c87930]" started-at="2025-03-09T14:12:59 IST" name="setUp" finished-at="2025-03-09T14:13:04 IST" duration-ms="5416" status="PASS">
          <reporter-output>
          </reporter-output>
        </test-method> <!-- setUp -->
        <test-method signature="testProductDetails()[pri:0, instance:com.web.tests.ProductTest@64c87930]" started-at="2025-03-09T14:13:04 IST" name="testProductDetails" finished-at="2025-03-09T14:13:17 IST" duration-ms="12789" status="PASS">
          <reporter-output>
          </reporter-output>
        </test-method> <!-- testProductDetails -->
        <test-method is-config="true" signature="tearDown()[pri:0, instance:com.web.tests.ProductTest@64c87930]" started-at="2025-03-09T14:13:17 IST" name="tearDown" finished-at="2025-03-09T14:13:18 IST" duration-ms="1053" status="PASS">
          <reporter-output>
          </reporter-output>
        </test-method> <!-- tearDown -->
      </class> <!-- com.web.tests.ProductTest -->
    </test> <!-- Command line test -->
  </suite> <!-- Command line suite -->
</testng-results>
